Job started at: Mon Mar  9 20:17:20 EDT 2026
Job ID: 37935294
Running on node: v018.ib.bridges2.psc.edu
Working directory: /ocean/projects/med260006p/shared/biomedAI/project/replica/02_unimodal/gait

GPU Information:
Mon Mar  9 20:17:22 2026       
+-----------------------------------------------------------------------------------------+
| NVIDIA-SMI 560.35.03              Driver Version: 560.35.03      CUDA Version: 12.6     |
|-----------------------------------------+------------------------+----------------------+
| GPU  Name                 Persistence-M | Bus-Id          Disp.A | Volatile Uncorr. ECC |
| Fan  Temp   Perf          Pwr:Usage/Cap |           Memory-Usage | GPU-Util  Compute M. |
|                                         |                        |               MIG M. |
|=========================================+========================+======================|
|   0  Tesla V100-SXM2-32GB           On  |   00000000:15:00.0 Off |                    0 |
| N/A   28C    P0             39W /  300W |       1MiB /  32768MiB |      0%      Default |
|                                         |                        |                  N/A |
+-----------------------------------------+------------------------+----------------------+
                                                                                         
+-----------------------------------------------------------------------------------------+
| Processes:                                                                              |
|  GPU   GI   CI        PID   Type   Process name                              GPU Memory |
|        ID   ID                                                               Usage      |
|=========================================================================================|
|  No running processes found                                                             |
+-----------------------------------------------------------------------------------------+

PyTorch version: 2.1.0+cu118
CUDA available: True
CUDA version: 11.8
Device count: 1
Device: Tesla V100-SXM2-32GB

Saved index: /ocean/projects/med260006p/shared/biomedAI/project/replica/outputs/unimodal_gait/weargait_index.csv
Rows: 554 | Subjects: 185 | PD: 100 | HC: 85
Task counts:
task
HurriedPace    185
SelfPace       185
TUG            184
Starting WearGait embedding training...
Saved:
  /ocean/projects/med260006p/shared/biomedAI/project/replica/outputs/unimodal_gait/weargait_dl_embeddings/cv_metrics.csv
  /ocean/projects/med260006p/shared/biomedAI/project/replica/outputs/unimodal_gait/weargait_dl_embeddings/weargait_subject_embeddings.npz
  /ocean/projects/med260006p/shared/biomedAI/project/replica/outputs/unimodal_gait/weargait_dl_embeddings/summary.json

Job finished at: Mon Mar  9 20:23:32 EDT 2026
