Job started at: Sat Mar  7 13:47:52 EST 2026
Job ID: 37898988
Running on node: v017.ib.bridges2.psc.edu
Working directory: /ocean/projects/med260006p/shared/biomedAI/project/replica/02_unimodal/03_gait

GPU Information:
Sat Mar  7 13:47:53 2026       
+-----------------------------------------------------------------------------------------+
| NVIDIA-SMI 560.35.03              Driver Version: 560.35.03      CUDA Version: 12.6     |
|-----------------------------------------+------------------------+----------------------+
| GPU  Name                 Persistence-M | Bus-Id          Disp.A | Volatile Uncorr. ECC |
| Fan  Temp   Perf          Pwr:Usage/Cap |           Memory-Usage | GPU-Util  Compute M. |
|                                         |                        |               MIG M. |
|=========================================+========================+======================|
|   0  Tesla V100-SXM2-32GB           On  |   00000000:B2:00.0 Off |                    0 |
| N/A   28C    P0             39W /  300W |       1MiB /  32768MiB |      0%      Default |
|                                         |                        |                  N/A |
+-----------------------------------------+------------------------+----------------------+
                                                                                         
+-----------------------------------------------------------------------------------------+
| Processes:                                                                              |
|  GPU   GI   CI        PID   Type   Process name                              GPU Memory |
|        ID   ID                                                               Usage      |
|=========================================================================================|
|  No running processes found                                                             |
+-----------------------------------------------------------------------------------------+

PyTorch version: 2.1.0+cu118
CUDA available: True
CUDA version: 11.8
Device: Tesla V100-SXM2-32GB

Starting training...
Using device: cuda
Output directory: /ocean/projects/med260006p/shared/biomedAI/project/replica/outputs/unimodal_gait
============================================================
GAIT-BASED PARKINSON'S DISEASE CLASSIFICATION
============================================================

1. Loading labels...
✓ Loaded with latin-1 encoding
Loaded 41 subject labels
Columns: ['ID', 'Age', 'Weight (kg)', 'Height (m)', 'Gender', 'Disease duration (years)', 'Handedness', 'More affected side', 'L-Dopa equivalent units (mg\x95day-1)', 'sessions #']
Label distribution: Mild PD (H&Y≤2)=6, Moderate/Severe PD (H&Y>2)=29

2. Loading gait data...
Found 212 gait files

✓ Loaded 11443 windows from 35 subjects
✗ Failed to load 94 files

Failed files (first 5):
  - SUB01_1.csv: No numeric data in /ocean/projects/med260006p/shared/biomedAI/project/replica/data/gait/figshare/IMU/SUB01_1.csv
  - SUB01_2.csv: No numeric data in /ocean/projects/med260006p/shared/biomedAI/project/replica/data/gait/figshare/IMU/SUB01_2.csv
  - SUB01_standing.csv: No numeric data in /ocean/projects/med260006p/shared/biomedAI/project/replica/data/gait/figshare/IMU/SUB01_standing.csv
  - SUB02_1.csv: No numeric data in /ocean/projects/med260006p/shared/biomedAI/project/replica/data/gait/figshare/IMU/SUB02_1.csv
  - SUB02_standing.csv: No numeric data in /ocean/projects/med260006p/shared/biomedAI/project/replica/data/gait/figshare/IMU/SUB02_standing.csv

Job finished at: Sat Mar  7 13:48:14 EST 2026
