Job started at: Sat Mar  7 14:33:17 EST 2026
Job ID: 37899307
Running on node: v017.ib.bridges2.psc.edu
Working directory: /ocean/projects/med260006p/shared/biomedAI/project/replica/02_unimodal/03_gait

GPU Information:
Sat Mar  7 14:33:18 2026       
+-----------------------------------------------------------------------------------------+
| NVIDIA-SMI 560.35.03              Driver Version: 560.35.03      CUDA Version: 12.6     |
|-----------------------------------------+------------------------+----------------------+
| GPU  Name                 Persistence-M | Bus-Id          Disp.A | Volatile Uncorr. ECC |
| Fan  Temp   Perf          Pwr:Usage/Cap |           Memory-Usage | GPU-Util  Compute M. |
|                                         |                        |               MIG M. |
|=========================================+========================+======================|
|   0  Tesla V100-SXM2-32GB           On  |   00000000:3B:00.0 Off |                    0 |
| N/A   31C    P0             40W /  300W |       1MiB /  32768MiB |      0%      Default |
|                                         |                        |                  N/A |
+-----------------------------------------+------------------------+----------------------+
                                                                                         
+-----------------------------------------------------------------------------------------+
| Processes:                                                                              |
|  GPU   GI   CI        PID   Type   Process name                              GPU Memory |
|        ID   ID                                                               Usage      |
|=========================================================================================|
|  No running processes found                                                             |
+-----------------------------------------------------------------------------------------+

PyTorch version: 2.1.0+cu118
CUDA available: True
CUDA version: 11.8
Device: Tesla V100-SXM2-32GB

Starting training...
Using device: cuda
Output directory: /ocean/projects/med260006p/shared/biomedAI/project/replica/outputs/unimodal_gait
============================================================
GAIT-BASED PARKINSON'S DISEASE CLASSIFICATION
============================================================

1. Loading labels...
✓ Loaded with latin-1 encoding
Loaded 41 subject labels
Columns: ['ID', 'Age', 'Weight (kg)', 'Height (m)', 'Gender', 'Disease duration (years)', 'Handedness', 'More affected side', 'L-Dopa equivalent units (mg\x95day-1)', 'sessions #']
Label distribution: Mild PD (H&Y≤2)=6, Moderate/Severe PD (H&Y>2)=29

2. Loading gait data...
Found 106 gait files

✓ Loaded 11431 windows from 35 subjects
✗ Failed to load 0 files

Data shape: (11431, 6, 200)
Labels: Mild PD=1655, Moderate/Severe PD=9776
Number of channels: 6

3. Normalizing data...
Saved scaler to /ocean/projects/med260006p/shared/biomedAI/project/replica/outputs/unimodal_gait/scaler.pkl

4. Starting 5-fold cross-validation...

============================================================
FOLD 1/5
============================================================
Train: 9018 samples (HC=1300, PD=7718)
Val: 2413 samples (HC=355, PD=2058)

Epoch 1/100
Train Loss: 0.2881, Train Acc: 0.8890
Val Loss: 1.1770, Val Acc: 0.8516, LR: 0.001000
✓ Best model saved (Val Acc: 0.8516)

Epoch 2/100
Train Loss: 0.1842, Train Acc: 0.9316
Val Loss: 1.0001, Val Acc: 0.8541, LR: 0.001000
✓ Best model saved (Val Acc: 0.8541)

Epoch 3/100
Train Loss: 0.1421, Train Acc: 0.9485
Val Loss: 1.1010, Val Acc: 0.8280, LR: 0.001000

Epoch 4/100
Train Loss: 0.1136, Train Acc: 0.9595
Val Loss: 1.2824, Val Acc: 0.8558, LR: 0.001000
✓ Best model saved (Val Acc: 0.8558)

Epoch 5/100
Train Loss: 0.0984, Train Acc: 0.9645
Val Loss: 1.1801, Val Acc: 0.8061, LR: 0.001000

Epoch 6/100
Train Loss: 0.0833, Train Acc: 0.9678
Val Loss: 2.1950, Val Acc: 0.8550, LR: 0.001000

Epoch 7/100
Train Loss: 0.0765, Train Acc: 0.9707
Val Loss: 1.8296, Val Acc: 0.8367, LR: 0.001000

Epoch 8/100
Epoch 00008: reducing learning rate of group 0 to 5.0000e-04.
Train Loss: 0.0696, Train Acc: 0.9738
Val Loss: 1.4758, Val Acc: 0.8313, LR: 0.001000

Epoch 9/100
Train Loss: 0.0518, Train Acc: 0.9794
Val Loss: 2.3775, Val Acc: 0.8574, LR: 0.000500
✓ Best model saved (Val Acc: 0.8574)

Epoch 10/100
Train Loss: 0.0458, Train Acc: 0.9816
Val Loss: 2.4264, Val Acc: 0.8305, LR: 0.000500

Epoch 11/100
Train Loss: 0.0465, Train Acc: 0.9823
Val Loss: 2.6578, Val Acc: 0.8409, LR: 0.000500

Epoch 12/100
Train Loss: 0.0427, Train Acc: 0.9819
Val Loss: 3.0104, Val Acc: 0.8471, LR: 0.000500

Epoch 13/100
Train Loss: 0.0441, Train Acc: 0.9820
Val Loss: 2.1878, Val Acc: 0.8400, LR: 0.000500

Epoch 14/100
Epoch 00014: reducing learning rate of group 0 to 2.5000e-04.
Train Loss: 0.0390, Train Acc: 0.9837
Val Loss: 3.5712, Val Acc: 0.8562, LR: 0.000500

Epoch 15/100
Train Loss: 0.0366, Train Acc: 0.9857
Val Loss: 3.7085, Val Acc: 0.8483, LR: 0.000250

Epoch 16/100
Train Loss: 0.0308, Train Acc: 0.9867
Val Loss: 3.8772, Val Acc: 0.8496, LR: 0.000250

Epoch 17/100
Train Loss: 0.0295, Train Acc: 0.9871
Val Loss: 4.7287, Val Acc: 0.8454, LR: 0.000250

Epoch 18/100
Train Loss: 0.0321, Train Acc: 0.9864
Val Loss: 3.5179, Val Acc: 0.8487, LR: 0.000250

Epoch 19/100
Train Loss: 0.0320, Train Acc: 0.9870
Val Loss: 3.6196, Val Acc: 0.8545, LR: 0.000250

Epoch 20/100
Epoch 00020: reducing learning rate of group 0 to 1.2500e-04.
Train Loss: 0.0288, Train Acc: 0.9882
Val Loss: 3.5880, Val Acc: 0.8583, LR: 0.000250
✓ Best model saved (Val Acc: 0.8583)

Epoch 21/100
Train Loss: 0.0253, Train Acc: 0.9882
Val Loss: 3.8370, Val Acc: 0.8492, LR: 0.000125

Epoch 22/100
Train Loss: 0.0259, Train Acc: 0.9895
Val Loss: 3.8222, Val Acc: 0.8550, LR: 0.000125

Epoch 23/100
Train Loss: 0.0226, Train Acc: 0.9890
Val Loss: 4.0598, Val Acc: 0.8521, LR: 0.000125

Epoch 24/100
Train Loss: 0.0252, Train Acc: 0.9899
Val Loss: 4.3643, Val Acc: 0.8471, LR: 0.000125

Epoch 25/100
Train Loss: 0.0248, Train Acc: 0.9886
Val Loss: 3.8480, Val Acc: 0.8583, LR: 0.000125

Epoch 26/100
Epoch 00026: reducing learning rate of group 0 to 6.2500e-05.
Train Loss: 0.0237, Train Acc: 0.9898
Val Loss: 3.9533, Val Acc: 0.8500, LR: 0.000125

Epoch 27/100
Train Loss: 0.0231, Train Acc: 0.9906
Val Loss: 4.2703, Val Acc: 0.8583, LR: 0.000063

Epoch 28/100
Train Loss: 0.0210, Train Acc: 0.9900
Val Loss: 4.1532, Val Acc: 0.8566, LR: 0.000063

Epoch 29/100
Train Loss: 0.0222, Train Acc: 0.9915
Val Loss: 4.8046, Val Acc: 0.8433, LR: 0.000063

Epoch 30/100
Train Loss: 0.0201, Train Acc: 0.9916
Val Loss: 4.9992, Val Acc: 0.8574, LR: 0.000063

Epoch 31/100
Train Loss: 0.0221, Train Acc: 0.9901
Val Loss: 4.4124, Val Acc: 0.8467, LR: 0.000063

Epoch 32/100
Epoch 00032: reducing learning rate of group 0 to 3.1250e-05.
Train Loss: 0.0207, Train Acc: 0.9914
Val Loss: 4.8070, Val Acc: 0.8554, LR: 0.000063

Epoch 33/100
Train Loss: 0.0183, Train Acc: 0.9927
Val Loss: 5.1929, Val Acc: 0.8483, LR: 0.000031

Epoch 34/100
Train Loss: 0.0188, Train Acc: 0.9925
Val Loss: 4.8597, Val Acc: 0.8508, LR: 0.000031

Epoch 35/100
Train Loss: 0.0207, Train Acc: 0.9912
Val Loss: 4.9613, Val Acc: 0.8504, LR: 0.000031

Early stopping at epoch 35

Best Val Acc: 0.8583 at epoch 20

Final evaluation on validation set...

Metrics:
  Accuracy:  0.8583
  Precision: 0.8714
  Recall:    0.9781
  F1 Score:  0.9217
  ROC AUC:   0.4930

Classification Report:
              precision    recall  f1-score   support

          HC       0.56      0.16      0.25       355
          PD       0.87      0.98      0.92      2058

    accuracy                           0.86      2413
   macro avg       0.72      0.57      0.59      2413
weighted avg       0.83      0.86      0.82      2413


============================================================
FOLD 2/5
============================================================
Train: 8976 samples (HC=1145, PD=7831)
Val: 2455 samples (HC=510, PD=1945)

Epoch 1/100
Train Loss: 0.2759, Train Acc: 0.8814
Val Loss: 2.0162, Val Acc: 0.5931, LR: 0.001000
✓ Best model saved (Val Acc: 0.5931)

Epoch 2/100
Train Loss: 0.1768, Train Acc: 0.9310
Val Loss: 3.3019, Val Acc: 0.7316, LR: 0.001000
✓ Best model saved (Val Acc: 0.7316)

Epoch 3/100
Train Loss: 0.1388, Train Acc: 0.9496
Val Loss: 4.2177, Val Acc: 0.7336, LR: 0.001000
✓ Best model saved (Val Acc: 0.7336)

Epoch 4/100
Train Loss: 0.1125, Train Acc: 0.9600
Val Loss: 2.3145, Val Acc: 0.7703, LR: 0.001000
✓ Best model saved (Val Acc: 0.7703)

Epoch 5/100
Train Loss: 0.1025, Train Acc: 0.9646
Val Loss: 3.3348, Val Acc: 0.6929, LR: 0.001000

Epoch 6/100
Train Loss: 0.0872, Train Acc: 0.9701
Val Loss: 5.1291, Val Acc: 0.7271, LR: 0.001000

Epoch 7/100
Epoch 00007: reducing learning rate of group 0 to 5.0000e-04.
Train Loss: 0.0792, Train Acc: 0.9742
Val Loss: 3.4433, Val Acc: 0.7100, LR: 0.001000

Epoch 8/100
Train Loss: 0.0566, Train Acc: 0.9792
Val Loss: 3.8362, Val Acc: 0.7177, LR: 0.000500

Epoch 9/100
Train Loss: 0.0540, Train Acc: 0.9804
Val Loss: 5.0933, Val Acc: 0.6949, LR: 0.000500

Epoch 10/100
Train Loss: 0.0504, Train Acc: 0.9812
Val Loss: 4.9959, Val Acc: 0.7352, LR: 0.000500

Epoch 11/100
Train Loss: 0.0517, Train Acc: 0.9822
Val Loss: 5.7377, Val Acc: 0.7084, LR: 0.000500

Epoch 12/100
Train Loss: 0.0490, Train Acc: 0.9828
Val Loss: 5.6995, Val Acc: 0.7067, LR: 0.000500

Epoch 13/100
Epoch 00013: reducing learning rate of group 0 to 2.5000e-04.
Train Loss: 0.0425, Train Acc: 0.9842
Val Loss: 5.2238, Val Acc: 0.7295, LR: 0.000500

Epoch 14/100
Train Loss: 0.0364, Train Acc: 0.9860
Val Loss: 4.3904, Val Acc: 0.7426, LR: 0.000250

Epoch 15/100
Train Loss: 0.0307, Train Acc: 0.9877
Val Loss: 6.8599, Val Acc: 0.7360, LR: 0.000250

Epoch 16/100
Train Loss: 0.0316, Train Acc: 0.9875
Val Loss: 5.8905, Val Acc: 0.7413, LR: 0.000250

Epoch 17/100
Train Loss: 0.0294, Train Acc: 0.9883
Val Loss: 6.7644, Val Acc: 0.7283, LR: 0.000250

Epoch 18/100
Train Loss: 0.0303, Train Acc: 0.9871
Val Loss: 6.7368, Val Acc: 0.7418, LR: 0.000250

Epoch 19/100
Epoch 00019: reducing learning rate of group 0 to 1.2500e-04.
Train Loss: 0.0293, Train Acc: 0.9891
Val Loss: 6.1523, Val Acc: 0.7450, LR: 0.000250

Early stopping at epoch 19

Best Val Acc: 0.7703 at epoch 4

Final evaluation on validation set...

Metrics:
  Accuracy:  0.7703
  Precision: 0.7912
  Recall:    0.9645
  F1 Score:  0.8693
  ROC AUC:   0.3973

Classification Report:
              precision    recall  f1-score   support

          HC       0.18      0.03      0.05       510
          PD       0.79      0.96      0.87      1945

    accuracy                           0.77      2455
   macro avg       0.48      0.50      0.46      2455
weighted avg       0.66      0.77      0.70      2455


============================================================
FOLD 3/5
============================================================
Train: 9510 samples (HC=1655, PD=7855)
Val: 1921 samples (HC=0, PD=1921)

Epoch 1/100
Train Loss: 0.3328, Train Acc: 0.8611
Val Loss: 0.2968, Val Acc: 0.8891, LR: 0.001000
✓ Best model saved (Val Acc: 0.8891)

Epoch 2/100
Train Loss: 0.2145, Train Acc: 0.9154
Val Loss: 0.5513, Val Acc: 0.8032, LR: 0.001000

Epoch 3/100
Train Loss: 0.1609, Train Acc: 0.9376
Val Loss: 0.2148, Val Acc: 0.9032, LR: 0.001000
✓ Best model saved (Val Acc: 0.9032)

Epoch 4/100
Train Loss: 0.1364, Train Acc: 0.9492
Val Loss: 0.3503, Val Acc: 0.8709, LR: 0.001000

Epoch 5/100
Train Loss: 0.1143, Train Acc: 0.9584
Val Loss: 0.3134, Val Acc: 0.8782, LR: 0.001000

Epoch 6/100
Train Loss: 0.0986, Train Acc: 0.9636
Val Loss: 3.3256, Val Acc: 0.5981, LR: 0.001000

Epoch 7/100
Train Loss: 0.0905, Train Acc: 0.9664
Val Loss: 1.9081, Val Acc: 0.6887, LR: 0.001000

Epoch 8/100
Train Loss: 0.0770, Train Acc: 0.9703
Val Loss: 0.6997, Val Acc: 0.8626, LR: 0.001000

Epoch 9/100
Epoch 00009: reducing learning rate of group 0 to 5.0000e-04.
Train Loss: 0.0690, Train Acc: 0.9739
Val Loss: 1.6314, Val Acc: 0.7689, LR: 0.001000

Epoch 10/100
Train Loss: 0.0537, Train Acc: 0.9796
Val Loss: 1.4883, Val Acc: 0.7569, LR: 0.000500

Epoch 11/100
Train Loss: 0.0497, Train Acc: 0.9831
Val Loss: 1.1029, Val Acc: 0.8136, LR: 0.000500

Epoch 12/100
Train Loss: 0.0477, Train Acc: 0.9817
Val Loss: 1.7073, Val Acc: 0.7486, LR: 0.000500

Epoch 13/100
Train Loss: 0.0421, Train Acc: 0.9826
Val Loss: 0.9089, Val Acc: 0.8360, LR: 0.000500

Epoch 14/100
Train Loss: 0.0456, Train Acc: 0.9825
Val Loss: 1.4391, Val Acc: 0.7694, LR: 0.000500

Epoch 15/100
Epoch 00015: reducing learning rate of group 0 to 2.5000e-04.
Train Loss: 0.0452, Train Acc: 0.9814
Val Loss: 1.3836, Val Acc: 0.7985, LR: 0.000500

Epoch 16/100
Train Loss: 0.0339, Train Acc: 0.9870
Val Loss: 1.6887, Val Acc: 0.7720, LR: 0.000250

Epoch 17/100
Train Loss: 0.0314, Train Acc: 0.9876
Val Loss: 1.5045, Val Acc: 0.8043, LR: 0.000250

Epoch 18/100
Train Loss: 0.0311, Train Acc: 0.9878
Val Loss: 2.2018, Val Acc: 0.7559, LR: 0.000250

Early stopping at epoch 18

Best Val Acc: 0.9032 at epoch 3

Final evaluation on validation set...

Metrics:
  Accuracy:  0.9032
  Precision: 1.0000
  Recall:    0.9032
  F1 Score:  0.9491
  ROC AUC:   nan

Classification Report:
              precision    recall  f1-score   support

          HC       0.00      0.00      0.00         0
          PD       1.00      0.90      0.95      1921

    accuracy                           0.90      1921
   macro avg       0.50      0.45      0.47      1921
weighted avg       1.00      0.90      0.95      1921


============================================================
FOLD 4/5
============================================================
Train: 9344 samples (HC=1655, PD=7689)
Val: 2087 samples (HC=0, PD=2087)

Epoch 1/100
Train Loss: 0.3196, Train Acc: 0.8661
Val Loss: 1.5634, Val Acc: 0.5577, LR: 0.001000
✓ Best model saved (Val Acc: 0.5577)

Epoch 2/100
Train Loss: 0.1726, Train Acc: 0.9365
Val Loss: 0.9305, Val Acc: 0.7274, LR: 0.001000
✓ Best model saved (Val Acc: 0.7274)

Epoch 3/100
Train Loss: 0.1308, Train Acc: 0.9522
Val Loss: 1.6693, Val Acc: 0.6612, LR: 0.001000

Epoch 4/100
Train Loss: 0.1201, Train Acc: 0.9563
Val Loss: 1.6401, Val Acc: 0.6253, LR: 0.001000

Epoch 5/100
Train Loss: 0.1006, Train Acc: 0.9633
Val Loss: 1.0949, Val Acc: 0.6747, LR: 0.001000

Epoch 6/100
Train Loss: 0.0937, Train Acc: 0.9658
Val Loss: 1.5356, Val Acc: 0.7000, LR: 0.001000

Epoch 7/100
Train Loss: 0.0835, Train Acc: 0.9702
Val Loss: 1.9035, Val Acc: 0.6703, LR: 0.001000

Epoch 8/100
Epoch 00008: reducing learning rate of group 0 to 5.0000e-04.
Train Loss: 0.0839, Train Acc: 0.9704
Val Loss: 1.4933, Val Acc: 0.6617, LR: 0.001000

Epoch 9/100
Train Loss: 0.0531, Train Acc: 0.9812
Val Loss: 3.2422, Val Acc: 0.5400, LR: 0.000500

Epoch 10/100
Train Loss: 0.0442, Train Acc: 0.9835
Val Loss: 2.2837, Val Acc: 0.6545, LR: 0.000500

Epoch 11/100
Train Loss: 0.0482, Train Acc: 0.9820
Val Loss: 1.9592, Val Acc: 0.6387, LR: 0.000500

Epoch 12/100
Train Loss: 0.0438, Train Acc: 0.9845
Val Loss: 2.1862, Val Acc: 0.6737, LR: 0.000500

Epoch 13/100
Train Loss: 0.0491, Train Acc: 0.9811
Val Loss: 2.0027, Val Acc: 0.6550, LR: 0.000500

Epoch 14/100
Epoch 00014: reducing learning rate of group 0 to 2.5000e-04.
Train Loss: 0.0413, Train Acc: 0.9829
Val Loss: 2.2798, Val Acc: 0.6914, LR: 0.000500

Epoch 15/100
Train Loss: 0.0304, Train Acc: 0.9879
Val Loss: 3.2901, Val Acc: 0.5989, LR: 0.000250

Epoch 16/100
Train Loss: 0.0287, Train Acc: 0.9884
Val Loss: 2.3295, Val Acc: 0.6651, LR: 0.000250

Epoch 17/100
Train Loss: 0.0255, Train Acc: 0.9898
Val Loss: 2.8408, Val Acc: 0.6382, LR: 0.000250

Early stopping at epoch 17

Best Val Acc: 0.7274 at epoch 2

Final evaluation on validation set...

Metrics:
  Accuracy:  0.7274
  Precision: 1.0000
  Recall:    0.7274
  F1 Score:  0.8422
  ROC AUC:   nan

Classification Report:
              precision    recall  f1-score   support

          HC       0.00      0.00      0.00         0
          PD       1.00      0.73      0.84      2087

    accuracy                           0.73      2087
   macro avg       0.50      0.36      0.42      2087
weighted avg       1.00      0.73      0.84      2087


============================================================
FOLD 5/5
============================================================
Train: 8876 samples (HC=865, PD=8011)
Val: 2555 samples (HC=790, PD=1765)

Epoch 1/100
Train Loss: 0.1541, Train Acc: 0.9400
Val Loss: 3.2655, Val Acc: 0.6888, LR: 0.001000
✓ Best model saved (Val Acc: 0.6888)

Epoch 2/100
Train Loss: 0.0663, Train Acc: 0.9727
Val Loss: 3.6997, Val Acc: 0.6587, LR: 0.001000

Epoch 3/100
Train Loss: 0.0600, Train Acc: 0.9752
Val Loss: 4.8611, Val Acc: 0.5973, LR: 0.001000

Epoch 4/100
Train Loss: 0.0474, Train Acc: 0.9794
Val Loss: 5.0930, Val Acc: 0.6540, LR: 0.001000

Epoch 5/100
Train Loss: 0.0449, Train Acc: 0.9820
Val Loss: 6.3816, Val Acc: 0.5687, LR: 0.001000

Epoch 6/100
Train Loss: 0.0424, Train Acc: 0.9841
Val Loss: 4.8221, Val Acc: 0.5808, LR: 0.001000

Epoch 7/100
Epoch 00007: reducing learning rate of group 0 to 5.0000e-04.
Train Loss: 0.0394, Train Acc: 0.9843
Val Loss: 3.8696, Val Acc: 0.6654, LR: 0.001000

Epoch 8/100
Train Loss: 0.0272, Train Acc: 0.9881
Val Loss: 7.3175, Val Acc: 0.6027, LR: 0.000500

Epoch 9/100
Train Loss: 0.0272, Train Acc: 0.9868
Val Loss: 7.1881, Val Acc: 0.5542, LR: 0.000500

Epoch 10/100
Train Loss: 0.0260, Train Acc: 0.9883
Val Loss: 7.6241, Val Acc: 0.6474, LR: 0.000500

Epoch 11/100
Train Loss: 0.0249, Train Acc: 0.9886
Val Loss: 9.6075, Val Acc: 0.5718, LR: 0.000500

Epoch 12/100
Train Loss: 0.0247, Train Acc: 0.9885
Val Loss: 8.6441, Val Acc: 0.6423, LR: 0.000500

Epoch 13/100
Epoch 00013: reducing learning rate of group 0 to 2.5000e-04.
Train Loss: 0.0266, Train Acc: 0.9882
Val Loss: 8.3691, Val Acc: 0.6493, LR: 0.000500

Epoch 14/100
Train Loss: 0.0205, Train Acc: 0.9902
Val Loss: 9.9836, Val Acc: 0.5996, LR: 0.000250

Epoch 15/100
Train Loss: 0.0198, Train Acc: 0.9904
Val Loss: 8.6104, Val Acc: 0.6611, LR: 0.000250

Epoch 16/100
Train Loss: 0.0203, Train Acc: 0.9908
Val Loss: 9.4273, Val Acc: 0.6341, LR: 0.000250

Early stopping at epoch 16

Best Val Acc: 0.6888 at epoch 1

Final evaluation on validation set...

Metrics:
  Accuracy:  0.6888
  Precision: 0.6942
  Recall:    0.9824
  F1 Score:  0.8135
  ROC AUC:   0.4327

Classification Report:
              precision    recall  f1-score   support

          HC       0.46      0.03      0.06       790
          PD       0.69      0.98      0.81      1765

    accuracy                           0.69      2555
   macro avg       0.58      0.51      0.44      2555
weighted avg       0.62      0.69      0.58      2555


============================================================
CROSS-VALIDATION RESULTS
============================================================

Per-fold results:
 fold  accuracy  precision   recall       f1      auc  best_epoch
    1  0.858268   0.871429 0.978134 0.921703 0.492980          20
    2  0.770265   0.791227 0.964524 0.869323 0.397305           4
    3  0.903175   1.000000 0.903175 0.949125      NaN           3
    4  0.727360   1.000000 0.727360 0.842164      NaN           2
    5  0.688845   0.694155 0.982436 0.813512 0.432740           1

Mean ± Std:
  Accuracy  : 0.7896 ± 0.0895
  Precision : 0.8714 ± 0.1332
  Recall    : 0.9111 ± 0.1075
  F1        : 0.8792 ± 0.0559
  Auc       : 0.4410 ± 0.0484

✓ Results saved to /ocean/projects/med260006p/shared/biomedAI/project/replica/outputs/unimodal_gait

Training complete!

Job finished at: Sat Mar  7 18:24:16 EST 2026
